{"/Users/raj/peac-upgrade/peac-dev/sdk/crypto.js": {"path":"/Users/raj/peac-upgrade/peac-dev/sdk/crypto.js","statementMap":{"0":{"start":{"line":6,"column":15},"end":{"line":6,"column":32}},"1":{"start":{"line":10,"column":4},"end":{"line":19,"column":7}},"2":{"start":{"line":23,"column":20},"end":{"line":23,"column":52}},"3":{"start":{"line":24,"column":22},"end":{"line":24,"column":73}},"4":{"start":{"line":26,"column":4},"end":{"line":33,"column":6}},"5":{"start":{"line":37,"column":4},"end":{"line":49,"column":5}},"6":{"start":{"line":38,"column":47},"end":{"line":38,"column":55}},"7":{"start":{"line":39,"column":22},"end":{"line":39,"column":60}},"8":{"start":{"line":41,"column":6},"end":{"line":46,"column":8}},"9":{"start":{"line":48,"column":6},"end":{"line":48,"column":19}},"10":{"start":{"line":54,"column":4},"end":{"line":54,"column":56}},"11":{"start":{"line":58,"column":0},"end":{"line":58,"column":28}}},"fnMap":{"0":{"name":"(anonymous_0)","decl":{"start":{"line":9,"column":2},"end":{"line":9,"column":3}},"loc":{"start":{"line":9,"column":20},"end":{"line":20,"column":3}},"line":9},"1":{"name":"(anonymous_1)","decl":{"start":{"line":22,"column":2},"end":{"line":22,"column":3}},"loc":{"start":{"line":22,"column":33},"end":{"line":34,"column":3}},"line":22},"2":{"name":"(anonymous_2)","decl":{"start":{"line":36,"column":2},"end":{"line":36,"column":3}},"loc":{"start":{"line":36,"column":34},"end":{"line":50,"column":3}},"line":36},"3":{"name":"(anonymous_3)","decl":{"start":{"line":52,"column":2},"end":{"line":52,"column":3}},"loc":{"start":{"line":52,"column":20},"end":{"line":55,"column":3}},"line":52}},"branchMap":{},"s":{"0":1,"1":0,"2":0,"3":0,"4":0,"5":0,"6":0,"7":0,"8":0,"9":0,"10":0,"11":1},"f":{"0":0,"1":0,"2":0,"3":0},"b":{},"_coverageSchema":"1a1c01bbd47fc00a2c39e90264f33305004495a9","hash":"a97f32c916179c27e7766202fc9f8dbb8390d9be"}
,"/Users/raj/peac-upgrade/peac-dev/sdk/index.js": {"path":"/Users/raj/peac-upgrade/peac-dev/sdk/index.js","statementMap":{"0":{"start":{"line":6,"column":19},"end":{"line":6,"column":38}},"1":{"start":{"line":7,"column":21},"end":{"line":7,"column":42}},"2":{"start":{"line":8,"column":19},"end":{"line":8,"column":38}},"3":{"start":{"line":10,"column":0},"end":{"line":27,"column":2}},"4":{"start":{"line":17,"column":19},"end":{"line":17,"column":35}},"5":{"start":{"line":18,"column":4},"end":{"line":18,"column":32}},"6":{"start":{"line":22,"column":19},"end":{"line":22,"column":35}},"7":{"start":{"line":23,"column":4},"end":{"line":23,"column":33}}},"fnMap":{"0":{"name":"(anonymous_0)","decl":{"start":{"line":16,"column":2},"end":{"line":16,"column":3}},"loc":{"start":{"line":16,"column":22},"end":{"line":19,"column":3}},"line":16},"1":{"name":"(anonymous_1)","decl":{"start":{"line":21,"column":2},"end":{"line":21,"column":3}},"loc":{"start":{"line":21,"column":25},"end":{"line":24,"column":3}},"line":21}},"branchMap":{},"s":{"0":1,"1":1,"2":1,"3":1,"4":0,"5":0,"6":0,"7":0},"f":{"0":0,"1":0},"b":{},"_coverageSchema":"1a1c01bbd47fc00a2c39e90264f33305004495a9","hash":"476530821d7138c076a99c74897a125f4373e918"}
,"/Users/raj/peac-upgrade/peac-dev/sdk/parser.js": {"path":"/Users/raj/peac-upgrade/peac-dev/sdk/parser.js","statementMap":{"0":{"start":{"line":6,"column":13},"end":{"line":6,"column":31}},"1":{"start":{"line":7,"column":14},"end":{"line":7,"column":30}},"2":{"start":{"line":8,"column":16},"end":{"line":8,"column":30}},"3":{"start":{"line":10,"column":22},"end":{"line":10,"column":32}},"4":{"start":{"line":11,"column":16},"end":{"line":11,"column":21}},"5":{"start":{"line":15,"column":4},"end":{"line":19,"column":6}},"6":{"start":{"line":21,"column":4},"end":{"line":21,"column":27}},"7":{"start":{"line":22,"column":4},"end":{"line":22,"column":56}},"8":{"start":{"line":27,"column":4},"end":{"line":29,"column":5}},"9":{"start":{"line":28,"column":6},"end":{"line":28,"column":40}},"10":{"start":{"line":32,"column":21},"end":{"line":32,"column":37}},"11":{"start":{"line":33,"column":4},"end":{"line":38,"column":5}},"12":{"start":{"line":34,"column":21},"end":{"line":34,"column":45}},"13":{"start":{"line":35,"column":6},"end":{"line":37,"column":7}},"14":{"start":{"line":36,"column":8},"end":{"line":36,"column":27}},"15":{"start":{"line":41,"column":4},"end":{"line":62,"column":5}},"16":{"start":{"line":42,"column":6},"end":{"line":61,"column":7}},"17":{"start":{"line":43,"column":24},"end":{"line":43,"column":58}},"18":{"start":{"line":44,"column":8},"end":{"line":57,"column":9}},"19":{"start":{"line":45,"column":23},"end":{"line":45,"column":53}},"20":{"start":{"line":46,"column":10},"end":{"line":46,"column":34}},"21":{"start":{"line":49,"column":10},"end":{"line":54,"column":11}},"22":{"start":{"line":50,"column":12},"end":{"line":53,"column":15}},"23":{"start":{"line":56,"column":10},"end":{"line":56,"column":22}},"24":{"start":{"line":60,"column":8},"end":{"line":60,"column":17}},"25":{"start":{"line":64,"column":4},"end":{"line":64,"column":57}},"26":{"start":{"line":68,"column":4},"end":{"line":101,"column":7}},"27":{"start":{"line":69,"column":18},"end":{"line":69,"column":44}},"28":{"start":{"line":71,"column":22},"end":{"line":94,"column":8}},"29":{"start":{"line":72,"column":8},"end":{"line":74,"column":9}},"30":{"start":{"line":73,"column":10},"end":{"line":73,"column":31}},"31":{"start":{"line":76,"column":19},"end":{"line":76,"column":21}},"32":{"start":{"line":77,"column":19},"end":{"line":77,"column":20}},"33":{"start":{"line":79,"column":8},"end":{"line":86,"column":11}},"34":{"start":{"line":80,"column":10},"end":{"line":80,"column":31}},"35":{"start":{"line":81,"column":10},"end":{"line":84,"column":11}},"36":{"start":{"line":82,"column":12},"end":{"line":82,"column":26}},"37":{"start":{"line":83,"column":12},"end":{"line":83,"column":55}},"38":{"start":{"line":85,"column":10},"end":{"line":85,"column":24}},"39":{"start":{"line":88,"column":8},"end":{"line":93,"column":11}},"40":{"start":{"line":89,"column":10},"end":{"line":91,"column":11}},"41":{"start":{"line":90,"column":12},"end":{"line":90,"column":54}},"42":{"start":{"line":92,"column":10},"end":{"line":92,"column":24}},"43":{"start":{"line":96,"column":6},"end":{"line":96,"column":47}},"44":{"start":{"line":96,"column":32},"end":{"line":96,"column":45}},"45":{"start":{"line":97,"column":6},"end":{"line":100,"column":9}},"46":{"start":{"line":98,"column":8},"end":{"line":98,"column":26}},"47":{"start":{"line":99,"column":8},"end":{"line":99,"column":22}},"48":{"start":{"line":105,"column":4},"end":{"line":115,"column":5}},"49":{"start":{"line":107,"column":6},"end":{"line":107,"column":32}},"50":{"start":{"line":109,"column":6},"end":{"line":114,"column":7}},"51":{"start":{"line":111,"column":8},"end":{"line":111,"column":35}},"52":{"start":{"line":113,"column":8},"end":{"line":113,"column":70}},"53":{"start":{"line":120,"column":4},"end":{"line":122,"column":5}},"54":{"start":{"line":121,"column":6},"end":{"line":121,"column":57}},"55":{"start":{"line":124,"column":4},"end":{"line":126,"column":5}},"56":{"start":{"line":125,"column":6},"end":{"line":125,"column":42}},"57":{"start":{"line":128,"column":4},"end":{"line":130,"column":5}},"58":{"start":{"line":129,"column":6},"end":{"line":129,"column":46}},"59":{"start":{"line":133,"column":25},"end":{"line":133,"column":61}},"60":{"start":{"line":134,"column":4},"end":{"line":136,"column":5}},"61":{"start":{"line":135,"column":6},"end":{"line":135,"column":92}},"62":{"start":{"line":140,"column":4},"end":{"line":145,"column":5}},"63":{"start":{"line":141,"column":6},"end":{"line":141,"column":35}},"64":{"start":{"line":142,"column":6},"end":{"line":142,"column":60}},"65":{"start":{"line":144,"column":6},"end":{"line":144,"column":19}},"66":{"start":{"line":149,"column":4},"end":{"line":153,"column":5}},"67":{"start":{"line":150,"column":6},"end":{"line":150,"column":63}},"68":{"start":{"line":152,"column":6},"end":{"line":152,"column":19}},"69":{"start":{"line":157,"column":0},"end":{"line":157,"column":28}}},"fnMap":{"0":{"name":"(anonymous_0)","decl":{"start":{"line":14,"column":2},"end":{"line":14,"column":3}},"loc":{"start":{"line":14,"column":28},"end":{"line":23,"column":3}},"line":14},"1":{"name":"(anonymous_1)","decl":{"start":{"line":25,"column":2},"end":{"line":25,"column":3}},"loc":{"start":{"line":25,"column":22},"end":{"line":65,"column":3}},"line":25},"2":{"name":"(anonymous_2)","decl":{"start":{"line":67,"column":2},"end":{"line":67,"column":3}},"loc":{"start":{"line":67,"column":32},"end":{"line":102,"column":3}},"line":67},"3":{"name":"(anonymous_3)","decl":{"start":{"line":68,"column":23},"end":{"line":68,"column":24}},"loc":{"start":{"line":68,"column":44},"end":{"line":101,"column":5}},"line":68},"4":{"name":"(anonymous_4)","decl":{"start":{"line":71,"column":72},"end":{"line":71,"column":73}},"loc":{"start":{"line":71,"column":81},"end":{"line":94,"column":7}},"line":71},"5":{"name":"(anonymous_5)","decl":{"start":{"line":79,"column":23},"end":{"line":79,"column":24}},"loc":{"start":{"line":79,"column":34},"end":{"line":86,"column":9}},"line":79},"6":{"name":"(anonymous_6)","decl":{"start":{"line":88,"column":22},"end":{"line":88,"column":23}},"loc":{"start":{"line":88,"column":28},"end":{"line":93,"column":9}},"line":88},"7":{"name":"(anonymous_7)","decl":{"start":{"line":96,"column":26},"end":{"line":96,"column":27}},"loc":{"start":{"line":96,"column":32},"end":{"line":96,"column":45}},"line":96},"8":{"name":"(anonymous_8)","decl":{"start":{"line":97,"column":28},"end":{"line":97,"column":29}},"loc":{"start":{"line":97,"column":34},"end":{"line":100,"column":7}},"line":97},"9":{"name":"(anonymous_9)","decl":{"start":{"line":104,"column":2},"end":{"line":104,"column":3}},"loc":{"start":{"line":104,"column":28},"end":{"line":116,"column":3}},"line":104},"10":{"name":"(anonymous_10)","decl":{"start":{"line":118,"column":2},"end":{"line":118,"column":3}},"loc":{"start":{"line":118,"column":21},"end":{"line":137,"column":3}},"line":118},"11":{"name":"(anonymous_11)","decl":{"start":{"line":139,"column":2},"end":{"line":139,"column":3}},"loc":{"start":{"line":139,"column":24},"end":{"line":146,"column":3}},"line":139},"12":{"name":"(anonymous_12)","decl":{"start":{"line":148,"column":2},"end":{"line":148,"column":3}},"loc":{"start":{"line":148,"column":19},"end":{"line":154,"column":3}},"line":148}},"branchMap":{"0":{"loc":{"start":{"line":14,"column":14},"end":{"line":14,"column":26}},"type":"default-arg","locations":[{"start":{"line":14,"column":24},"end":{"line":14,"column":26}}],"line":14},"1":{"loc":{"start":{"line":16,"column":15},"end":{"line":16,"column":41}},"type":"binary-expr","locations":[{"start":{"line":16,"column":15},"end":{"line":16,"column":30}},{"start":{"line":16,"column":34},"end":{"line":16,"column":41}}],"line":16},"2":{"loc":{"start":{"line":27,"column":4},"end":{"line":29,"column":5}},"type":"if","locations":[{"start":{"line":27,"column":4},"end":{"line":29,"column":5}},{"start":{},"end":{}}],"line":27},"3":{"loc":{"start":{"line":33,"column":4},"end":{"line":38,"column":5}},"type":"if","locations":[{"start":{"line":33,"column":4},"end":{"line":38,"column":5}},{"start":{},"end":{}}],"line":33},"4":{"loc":{"start":{"line":33,"column":8},"end":{"line":33,"column":54}},"type":"binary-expr","locations":[{"start":{"line":33,"column":8},"end":{"line":33,"column":26}},{"start":{"line":33,"column":30},"end":{"line":33,"column":54}}],"line":33},"5":{"loc":{"start":{"line":35,"column":6},"end":{"line":37,"column":7}},"type":"if","locations":[{"start":{"line":35,"column":6},"end":{"line":37,"column":7}},{"start":{},"end":{}}],"line":35},"6":{"loc":{"start":{"line":44,"column":8},"end":{"line":57,"column":9}},"type":"if","locations":[{"start":{"line":44,"column":8},"end":{"line":57,"column":9}},{"start":{},"end":{}}],"line":44},"7":{"loc":{"start":{"line":49,"column":10},"end":{"line":54,"column":11}},"type":"if","locations":[{"start":{"line":49,"column":10},"end":{"line":54,"column":11}},{"start":{},"end":{}}],"line":49},"8":{"loc":{"start":{"line":52,"column":37},"end":{"line":52,"column":59}},"type":"binary-expr","locations":[{"start":{"line":52,"column":37},"end":{"line":52,"column":51}},{"start":{"line":52,"column":55},"end":{"line":52,"column":59}}],"line":52},"9":{"loc":{"start":{"line":72,"column":8},"end":{"line":74,"column":9}},"type":"if","locations":[{"start":{"line":72,"column":8},"end":{"line":74,"column":9}},{"start":{},"end":{}}],"line":72},"10":{"loc":{"start":{"line":81,"column":10},"end":{"line":84,"column":11}},"type":"if","locations":[{"start":{"line":81,"column":10},"end":{"line":84,"column":11}},{"start":{},"end":{}}],"line":81},"11":{"loc":{"start":{"line":89,"column":10},"end":{"line":91,"column":11}},"type":"if","locations":[{"start":{"line":89,"column":10},"end":{"line":91,"column":11}},{"start":{},"end":{}}],"line":89},"12":{"loc":{"start":{"line":120,"column":4},"end":{"line":122,"column":5}},"type":"if","locations":[{"start":{"line":120,"column":4},"end":{"line":122,"column":5}},{"start":{},"end":{}}],"line":120},"13":{"loc":{"start":{"line":124,"column":4},"end":{"line":126,"column":5}},"type":"if","locations":[{"start":{"line":124,"column":4},"end":{"line":126,"column":5}},{"start":{},"end":{}}],"line":124},"14":{"loc":{"start":{"line":124,"column":8},"end":{"line":124,"column":50}},"type":"binary-expr","locations":[{"start":{"line":124,"column":8},"end":{"line":124,"column":22}},{"start":{"line":124,"column":26},"end":{"line":124,"column":50}}],"line":124},"15":{"loc":{"start":{"line":128,"column":4},"end":{"line":130,"column":5}},"type":"if","locations":[{"start":{"line":128,"column":4},"end":{"line":130,"column":5}},{"start":{},"end":{}}],"line":128},"16":{"loc":{"start":{"line":134,"column":4},"end":{"line":136,"column":5}},"type":"if","locations":[{"start":{"line":134,"column":4},"end":{"line":136,"column":5}},{"start":{},"end":{}}],"line":134},"17":{"loc":{"start":{"line":142,"column":13},"end":{"line":142,"column":59}},"type":"binary-expr","locations":[{"start":{"line":142,"column":13},"end":{"line":142,"column":34}},{"start":{"line":142,"column":38},"end":{"line":142,"column":59}}],"line":142}},"s":{"0":1,"1":1,"2":1,"3":1,"4":1,"5":5,"6":5,"7":5,"8":0,"9":0,"10":0,"11":0,"12":0,"13":0,"14":0,"15":0,"16":0,"17":0,"18":0,"19":0,"20":0,"21":0,"22":0,"23":0,"24":0,"25":0,"26":0,"27":0,"28":0,"29":0,"30":0,"31":0,"32":0,"33":0,"34":0,"35":0,"36":0,"37":0,"38":0,"39":0,"40":0,"41":0,"42":0,"43":0,"44":0,"45":0,"46":0,"47":0,"48":2,"49":2,"50":0,"51":0,"52":0,"53":2,"54":1,"55":1,"56":1,"57":0,"58":0,"59":0,"60":0,"61":0,"62":3,"63":3,"64":3,"65":0,"66":0,"67":0,"68":0,"69":1},"f":{"0":5,"1":0,"2":0,"3":0,"4":0,"5":0,"6":0,"7":0,"8":0,"9":2,"10":2,"11":3,"12":0},"b":{"0":[5],"1":[5,5],"2":[0,0],"3":[0,0],"4":[0,0],"5":[0,0],"6":[0,0],"7":[0,0],"8":[0,0],"9":[0,0],"10":[0,0],"11":[0,0],"12":[1,1],"13":[1,0],"14":[1,1],"15":[0,0],"16":[0,0],"17":[3,1]},"_coverageSchema":"1a1c01bbd47fc00a2c39e90264f33305004495a9","hash":"6d1bf975ebcfa23c1e4d1d80d22de18c137cee5e"}
,"/Users/raj/peac-upgrade/peac-dev/sdk/payments.js": {"path":"/Users/raj/peac-upgrade/peac-dev/sdk/payments.js","statementMap":{"0":{"start":{"line":6,"column":15},"end":{"line":6,"column":32}},"1":{"start":{"line":10,"column":4},"end":{"line":10,"column":21}},"2":{"start":{"line":11,"column":4},"end":{"line":11,"column":27}},"3":{"start":{"line":14,"column":4},"end":{"line":16,"column":5}},"4":{"start":{"line":15,"column":6},"end":{"line":15,"column":58}},"5":{"start":{"line":20,"column":61},"end":{"line":20,"column":68}},"6":{"start":{"line":23,"column":4},"end":{"line":25,"column":5}},"7":{"start":{"line":24,"column":6},"end":{"line":24,"column":57}},"8":{"start":{"line":27,"column":4},"end":{"line":34,"column":5}},"9":{"start":{"line":29,"column":8},"end":{"line":29,"column":68}},"10":{"start":{"line":31,"column":8},"end":{"line":31,"column":69}},"11":{"start":{"line":33,"column":8},"end":{"line":33,"column":71}},"12":{"start":{"line":38,"column":4},"end":{"line":40,"column":5}},"13":{"start":{"line":39,"column":6},"end":{"line":39,"column":47}},"14":{"start":{"line":42,"column":26},"end":{"line":51,"column":6}},"15":{"start":{"line":53,"column":4},"end":{"line":60,"column":6}},"16":{"start":{"line":65,"column":4},"end":{"line":72,"column":6}},"17":{"start":{"line":76,"column":22},"end":{"line":76,"column":47}},"18":{"start":{"line":77,"column":4},"end":{"line":77,"column":33}},"19":{"start":{"line":77,"column":20},"end":{"line":77,"column":33}},"20":{"start":{"line":80,"column":20},"end":{"line":80,"column":43}},"21":{"start":{"line":81,"column":4},"end":{"line":83,"column":5}},"22":{"start":{"line":82,"column":6},"end":{"line":82,"column":19}},"23":{"start":{"line":86,"column":4},"end":{"line":89,"column":5}},"24":{"start":{"line":88,"column":6},"end":{"line":88,"column":18}},"25":{"start":{"line":91,"column":4},"end":{"line":91,"column":16}},"26":{"start":{"line":95,"column":4},"end":{"line":97,"column":5}},"27":{"start":{"line":96,"column":6},"end":{"line":96,"column":47}},"28":{"start":{"line":99,"column":20},"end":{"line":115,"column":6}},"29":{"start":{"line":117,"column":4},"end":{"line":117,"column":23}},"30":{"start":{"line":121,"column":0},"end":{"line":121,"column":30}}},"fnMap":{"0":{"name":"(anonymous_0)","decl":{"start":{"line":9,"column":2},"end":{"line":9,"column":3}},"loc":{"start":{"line":9,"column":34},"end":{"line":17,"column":3}},"line":9},"1":{"name":"(anonymous_1)","decl":{"start":{"line":19,"column":2},"end":{"line":19,"column":3}},"loc":{"start":{"line":19,"column":32},"end":{"line":35,"column":3}},"line":19},"2":{"name":"(anonymous_2)","decl":{"start":{"line":37,"column":2},"end":{"line":37,"column":3}},"loc":{"start":{"line":37,"column":56},"end":{"line":61,"column":3}},"line":37},"3":{"name":"(anonymous_3)","decl":{"start":{"line":63,"column":2},"end":{"line":63,"column":3}},"loc":{"start":{"line":63,"column":57},"end":{"line":73,"column":3}},"line":63},"4":{"name":"(anonymous_4)","decl":{"start":{"line":75,"column":2},"end":{"line":75,"column":3}},"loc":{"start":{"line":75,"column":40},"end":{"line":92,"column":3}},"line":75},"5":{"name":"(anonymous_5)","decl":{"start":{"line":94,"column":2},"end":{"line":94,"column":3}},"loc":{"start":{"line":94,"column":43},"end":{"line":118,"column":3}},"line":94}},"branchMap":{"0":{"loc":{"start":{"line":9,"column":20},"end":{"line":9,"column":32}},"type":"default-arg","locations":[{"start":{"line":9,"column":30},"end":{"line":9,"column":32}}],"line":9},"1":{"loc":{"start":{"line":14,"column":4},"end":{"line":16,"column":5}},"type":"if","locations":[{"start":{"line":14,"column":4},"end":{"line":16,"column":5}},{"start":{},"end":{}}],"line":14},"2":{"loc":{"start":{"line":20,"column":20},"end":{"line":20,"column":36}},"type":"default-arg","locations":[{"start":{"line":20,"column":31},"end":{"line":20,"column":36}}],"line":20},"3":{"loc":{"start":{"line":23,"column":4},"end":{"line":25,"column":5}},"type":"if","locations":[{"start":{"line":23,"column":4},"end":{"line":25,"column":5}},{"start":{},"end":{}}],"line":23},"4":{"loc":{"start":{"line":27,"column":4},"end":{"line":34,"column":5}},"type":"switch","locations":[{"start":{"line":28,"column":6},"end":{"line":29,"column":68}},{"start":{"line":30,"column":6},"end":{"line":31,"column":69}},{"start":{"line":32,"column":6},"end":{"line":33,"column":71}}],"line":27},"5":{"loc":{"start":{"line":38,"column":4},"end":{"line":40,"column":5}},"type":"if","locations":[{"start":{"line":38,"column":4},"end":{"line":40,"column":5}},{"start":{},"end":{}}],"line":38},"6":{"loc":{"start":{"line":46,"column":17},"end":{"line":46,"column":42}},"type":"binary-expr","locations":[{"start":{"line":46,"column":17},"end":{"line":46,"column":29}},{"start":{"line":46,"column":33},"end":{"line":46,"column":42}}],"line":46},"7":{"loc":{"start":{"line":77,"column":4},"end":{"line":77,"column":33}},"type":"if","locations":[{"start":{"line":77,"column":4},"end":{"line":77,"column":33}},{"start":{},"end":{}}],"line":77},"8":{"loc":{"start":{"line":81,"column":4},"end":{"line":83,"column":5}},"type":"if","locations":[{"start":{"line":81,"column":4},"end":{"line":83,"column":5}},{"start":{},"end":{}}],"line":81},"9":{"loc":{"start":{"line":81,"column":8},"end":{"line":81,"column":48}},"type":"binary-expr","locations":[{"start":{"line":81,"column":8},"end":{"line":81,"column":15}},{"start":{"line":81,"column":19},"end":{"line":81,"column":48}}],"line":81},"10":{"loc":{"start":{"line":86,"column":4},"end":{"line":89,"column":5}},"type":"if","locations":[{"start":{"line":86,"column":4},"end":{"line":89,"column":5}},{"start":{},"end":{}}],"line":86},"11":{"loc":{"start":{"line":95,"column":4},"end":{"line":97,"column":5}},"type":"if","locations":[{"start":{"line":95,"column":4},"end":{"line":97,"column":5}},{"start":{},"end":{}}],"line":95},"12":{"loc":{"start":{"line":113,"column":22},"end":{"line":113,"column":79}},"type":"binary-expr","locations":[{"start":{"line":113,"column":22},"end":{"line":113,"column":46}},{"start":{"line":113,"column":50},"end":{"line":113,"column":79}}],"line":113},"13":{"loc":{"start":{"line":114,"column":21},"end":{"line":114,"column":76}},"type":"binary-expr","locations":[{"start":{"line":114,"column":21},"end":{"line":114,"column":44}},{"start":{"line":114,"column":48},"end":{"line":114,"column":76}}],"line":114}},"s":{"0":2,"1":0,"2":0,"3":0,"4":0,"5":0,"6":0,"7":0,"8":0,"9":0,"10":0,"11":0,"12":0,"13":0,"14":0,"15":0,"16":0,"17":0,"18":0,"19":0,"20":0,"21":0,"22":0,"23":0,"24":0,"25":0,"26":0,"27":0,"28":0,"29":0,"30":2},"f":{"0":0,"1":0,"2":0,"3":0,"4":0,"5":0},"b":{"0":[0],"1":[0,0],"2":[0],"3":[0,0],"4":[0,0,0],"5":[0,0],"6":[0,0],"7":[0,0],"8":[0,0],"9":[0,0],"10":[0,0],"11":[0,0],"12":[0,0],"13":[0,0]},"_coverageSchema":"1a1c01bbd47fc00a2c39e90264f33305004495a9","hash":"dc5d10a53aac43fb8570a20ed32cd59e7d8195da"}
}
