TN:
SF:sdk/crypto.js
FN:9,(anonymous_0)
FN:22,(anonymous_1)
FN:36,(anonymous_2)
FN:52,(anonymous_3)
FNF:4
FNH:0
FNDA:0,(anonymous_0)
FNDA:0,(anonymous_1)
FNDA:0,(anonymous_2)
FNDA:0,(anonymous_3)
DA:6,1
DA:10,0
DA:23,0
DA:24,0
DA:26,0
DA:37,0
DA:38,0
DA:39,0
DA:41,0
DA:48,0
DA:54,0
DA:58,1
LF:12
LH:2
BRF:0
BRH:0
end_of_record
TN:
SF:sdk/index.js
FN:16,(anonymous_0)
FN:21,(anonymous_1)
FNF:2
FNH:0
FNDA:0,(anonymous_0)
FNDA:0,(anonymous_1)
DA:6,1
DA:7,1
DA:8,1
DA:10,1
DA:17,0
DA:18,0
DA:22,0
DA:23,0
LF:8
LH:4
BRF:0
BRH:0
end_of_record
TN:
SF:sdk/parser.js
FN:14,(anonymous_0)
FN:25,(anonymous_1)
FN:67,(anonymous_2)
FN:68,(anonymous_3)
FN:71,(anonymous_4)
FN:79,(anonymous_5)
FN:88,(anonymous_6)
FN:96,(anonymous_7)
FN:97,(anonymous_8)
FN:104,(anonymous_9)
FN:118,(anonymous_10)
FN:139,(anonymous_11)
FN:148,(anonymous_12)
FNF:13
FNH:4
FNDA:5,(anonymous_0)
FNDA:0,(anonymous_1)
FNDA:0,(anonymous_2)
FNDA:0,(anonymous_3)
FNDA:0,(anonymous_4)
FNDA:0,(anonymous_5)
FNDA:0,(anonymous_6)
FNDA:0,(anonymous_7)
FNDA:0,(anonymous_8)
FNDA:2,(anonymous_9)
FNDA:2,(anonymous_10)
FNDA:3,(anonymous_11)
FNDA:0,(anonymous_12)
DA:6,1
DA:7,1
DA:8,1
DA:10,1
DA:11,1
DA:15,5
DA:21,5
DA:22,5
DA:27,0
DA:28,0
DA:32,0
DA:33,0
DA:34,0
DA:35,0
DA:36,0
DA:41,0
DA:42,0
DA:43,0
DA:44,0
DA:45,0
DA:46,0
DA:49,0
DA:50,0
DA:56,0
DA:60,0
DA:64,0
DA:68,0
DA:69,0
DA:71,0
DA:72,0
DA:73,0
DA:76,0
DA:77,0
DA:79,0
DA:80,0
DA:81,0
DA:82,0
DA:83,0
DA:85,0
DA:88,0
DA:89,0
DA:90,0
DA:92,0
DA:96,0
DA:97,0
DA:98,0
DA:99,0
DA:105,2
DA:107,2
DA:109,0
DA:111,0
DA:113,0
DA:120,2
DA:121,1
DA:124,1
DA:125,1
DA:128,0
DA:129,0
DA:133,0
DA:134,0
DA:135,0
DA:140,3
DA:141,3
DA:142,3
DA:144,0
DA:149,0
DA:150,0
DA:152,0
DA:157,1
LF:69
LH:18
BRDA:14,0,0,5
BRDA:16,1,0,5
BRDA:16,1,1,5
BRDA:27,2,0,0
BRDA:27,2,1,0
BRDA:33,3,0,0
BRDA:33,3,1,0
BRDA:33,4,0,0
BRDA:33,4,1,0
BRDA:35,5,0,0
BRDA:35,5,1,0
BRDA:44,6,0,0
BRDA:44,6,1,0
BRDA:49,7,0,0
BRDA:49,7,1,0
BRDA:52,8,0,0
BRDA:52,8,1,0
BRDA:72,9,0,0
BRDA:72,9,1,0
BRDA:81,10,0,0
BRDA:81,10,1,0
BRDA:89,11,0,0
BRDA:89,11,1,0
BRDA:120,12,0,1
BRDA:120,12,1,1
BRDA:124,13,0,1
BRDA:124,13,1,0
BRDA:124,14,0,1
BRDA:124,14,1,1
BRDA:128,15,0,0
BRDA:128,15,1,0
BRDA:134,16,0,0
BRDA:134,16,1,0
BRDA:142,17,0,3
BRDA:142,17,1,1
BRF:35
BRH:10
end_of_record
TN:
SF:sdk/payments.js
FN:9,(anonymous_0)
FN:19,(anonymous_1)
FN:37,(anonymous_2)
FN:63,(anonymous_3)
FN:75,(anonymous_4)
FN:94,(anonymous_5)
FNF:6
FNH:0
FNDA:0,(anonymous_0)
FNDA:0,(anonymous_1)
FNDA:0,(anonymous_2)
FNDA:0,(anonymous_3)
FNDA:0,(anonymous_4)
FNDA:0,(anonymous_5)
DA:6,2
DA:10,0
DA:11,0
DA:14,0
DA:15,0
DA:20,0
DA:23,0
DA:24,0
DA:27,0
DA:29,0
DA:31,0
DA:33,0
DA:38,0
DA:39,0
DA:42,0
DA:53,0
DA:65,0
DA:76,0
DA:77,0
DA:80,0
DA:81,0
DA:82,0
DA:86,0
DA:88,0
DA:91,0
DA:95,0
DA:96,0
DA:99,0
DA:117,0
DA:121,2
LF:30
LH:2
BRDA:9,0,0,0
BRDA:14,1,0,0
BRDA:14,1,1,0
BRDA:20,2,0,0
BRDA:23,3,0,0
BRDA:23,3,1,0
BRDA:27,4,0,0
BRDA:27,4,1,0
BRDA:27,4,2,0
BRDA:38,5,0,0
BRDA:38,5,1,0
BRDA:46,6,0,0
BRDA:46,6,1,0
BRDA:77,7,0,0
BRDA:77,7,1,0
BRDA:81,8,0,0
BRDA:81,8,1,0
BRDA:81,9,0,0
BRDA:81,9,1,0
BRDA:86,10,0,0
BRDA:86,10,1,0
BRDA:95,11,0,0
BRDA:95,11,1,0
BRDA:113,12,0,0
BRDA:113,12,1,0
BRDA:114,13,0,0
BRDA:114,13,1,0
BRF:27
BRH:0
end_of_record
